<?xml version="1.0" encoding="UTF-8"?>
<!-- Generated by org.testng.reporters.JUnitReportReporter -->
<testsuite hostname="LAPTOP-ODVPAJDQ" failures="0" tests="1" name="LiveProjects.ea_coding_test.Festivals" time="30.208" errors="0" timestamp="2023-06-14T11:21:32 IST" skipped="0">
  <testcase classname="LiveProjects.ea_coding_test.Festivals" name="festivals" time="30.208"/>
  <system-out/>
</testsuite> <!-- LiveProjects.ea_coding_test.Festivals -->
