<?xml version="1.0" encoding="UTF-8"?>
<!-- Generated by org.testng.reporters.JUnitReportReporter -->
<testsuite hostname="LAPTOP-ODVPAJDQ" failures="0" tests="1" name="LiveProjects.ea_coding_test.FestivalsTest2" time="28.958" errors="0" timestamp="2023-06-14T11:49:33 IST" skipped="0">
  <testcase classname="LiveProjects.ea_coding_test.FestivalsTest2" name="fetivalTest2" time="28.958"/>
  <system-out/>
</testsuite> <!-- LiveProjects.ea_coding_test.FestivalsTest2 -->
